        -:    0:Source:/home/eph3m3r4l/Desktop/TPI-algoritmos/tpi-template-alumnos/tests/ej1TEST.cpp
        -:    0:Graph:/home/eph3m3r4l/Desktop/TPI-algoritmos/tpi-template-alumnos/cmake-build-debug/CMakeFiles/reunionesRemotas.dir/tests/ej1TEST.gcno
        -:    0:Data:/home/eph3m3r4l/Desktop/TPI-algoritmos/tpi-template-alumnos/cmake-build-debug/CMakeFiles/reunionesRemotas.dir/tests/ej1TEST.gcda
        -:    0:Runs:1
        -:    0:Programs:1
        -:    1:#include "gtest/gtest.h"
        -:    2:#include "../ejercicios.h"
        -:    3:
        8:    4:TEST(esSenial, senialEsValida) {
        1:    4-block  0
        1:    4-block  1
        1:    4-block  2
    %%%%%:    4-block  3
    %%%%%:    4-block  4
    %%%%%:    4-block  5
    %%%%%:    4-block  6
    %%%%%:    4-block  7
    %%%%%:    4-block  8
        1:    4-block  9
        1:    4-block 10
        1:    4-block 11
        1:    4-block 12
        1:    4-block 13
        1:    4-block 14
        1:    4-block 15
        1:    5:    int prof = 8;
        1:    6:    int freq = 10;
        -:    7:    
        -:    8:    senial sig = { 9,   43,   54,  103,   44,   59,  -10,  -44,  -55, -104,  -45,
        -:    9:        -60,    9,   43,   54,  103,   44,   59,  -10,  -44,  -55, -104,
        2:   10:        -45,  -60,    9};
        1:   10-block  0
        1:   10-block  1
    %%%%%:   10-block  2
    %%%%%:   10-block  3
    %%%%%:   10-block  4
        -:   11:    
        1:   12:    EXPECT_TRUE(esSenial(sig,prof,freq));
        1:   12-block  0
        1:   12-block  1
    $$$$$:   12-block  2
    $$$$$:   12-block  3
    $$$$$:   12-block  4
    $$$$$:   12-block  5
    $$$$$:   12-block  6
        1:   12-block  7
    %%%%%:   12-block  8
    %%%%%:   12-block  9
    %%%%%:   12-block 10
    %%%%%:   12-block 11
    %%%%%:   12-block 12
    %%%%%:   12-block 13
    %%%%%:   12-block 14
    %%%%%:   12-block 15
    %%%%%:   12-block 16
        1:   13:}
    %%%%%:   13-block  0
        -:   14:
        8:   15:TEST(esSenial, profNoEsValida) {
        1:   15-block  0
        1:   15-block  1
        1:   15-block  2
    %%%%%:   15-block  3
    %%%%%:   15-block  4
    %%%%%:   15-block  5
    %%%%%:   15-block  6
    %%%%%:   15-block  7
    %%%%%:   15-block  8
        1:   15-block  9
        1:   15-block 10
        1:   15-block 11
        1:   15-block 12
        1:   15-block 13
        1:   15-block 14
        1:   15-block 15
        1:   16:    int prof = 64;
        1:   17:    int freq = 10;
        -:   18:
        -:   19:    senial sig = { 9,   43,   54,  103,   44,   59,  -10,  -44,  -55, -104,  -45,
        -:   20:                   -60,    9,   43,   54,  103,   44,   59,  -10,  -44,  -55, -104,
        2:   21:                   -45,  -60,    9};
        1:   21-block  0
        1:   21-block  1
    %%%%%:   21-block  2
    %%%%%:   21-block  3
    %%%%%:   21-block  4
        -:   22:
        1:   23:    EXPECT_FALSE(esSenial(sig,prof,freq));
        1:   23-block  0
        1:   23-block  1
    $$$$$:   23-block  2
    $$$$$:   23-block  3
    $$$$$:   23-block  4
    $$$$$:   23-block  5
    $$$$$:   23-block  6
        1:   23-block  7
    %%%%%:   23-block  8
    %%%%%:   23-block  9
    %%%%%:   23-block 10
    %%%%%:   23-block 11
    %%%%%:   23-block 12
    %%%%%:   23-block 13
    %%%%%:   23-block 14
    %%%%%:   23-block 15
    %%%%%:   23-block 16
        1:   24:}
    %%%%%:   24-block  0
        -:   25:
        8:   26:TEST(esSenial, freqInvalida) {
        1:   26-block  0
        1:   26-block  1
        1:   26-block  2
    %%%%%:   26-block  3
    %%%%%:   26-block  4
    %%%%%:   26-block  5
    %%%%%:   26-block  6
    %%%%%:   26-block  7
    %%%%%:   26-block  8
        1:   26-block  9
        1:   26-block 10
        1:   26-block 11
        1:   26-block 12
        1:   26-block 13
        1:   26-block 14
        1:   26-block 15
        1:   27:    int prof = 32;
        1:   28:    int freq = 3;
        -:   29:
        -:   30:    senial sig = { 9,   43,   54,  103,   44,   59,  -10,  -44,  -55, -104,  -45,
        -:   31:                   -60,    9,   43,   54,  103,   44,   59,  -10,  -44,  -55, -104,
        2:   32:                   -45,  -60,    9};
        1:   32-block  0
        1:   32-block  1
    %%%%%:   32-block  2
    %%%%%:   32-block  3
    %%%%%:   32-block  4
        -:   33:
        1:   34:    EXPECT_FALSE(esSenial(sig,prof,freq));
        1:   34-block  0
        1:   34-block  1
    $$$$$:   34-block  2
    $$$$$:   34-block  3
    $$$$$:   34-block  4
    $$$$$:   34-block  5
    $$$$$:   34-block  6
        1:   34-block  7
    %%%%%:   34-block  8
    %%%%%:   34-block  9
    %%%%%:   34-block 10
    %%%%%:   34-block 11
    %%%%%:   34-block 12
    %%%%%:   34-block 13
    %%%%%:   34-block 14
    %%%%%:   34-block 15
    %%%%%:   34-block 16
        1:   35:}
    %%%%%:   35-block  0
        -:   36:
        8:   37:TEST(esSenial, senialVacia) {
        1:   37-block  0
        1:   37-block  1
        1:   37-block  2
    %%%%%:   37-block  3
    %%%%%:   37-block  4
    %%%%%:   37-block  5
    %%%%%:   37-block  6
    %%%%%:   37-block  7
    %%%%%:   37-block  8
        1:   37-block  9
        1:   37-block 10
        1:   37-block 11
        1:   37-block 12
        1:   37-block 13
        1:   37-block 14
        1:   37-block 15
        1:   38:    int prof = 8;
        1:   39:    int freq = 10;
        -:   40:
        2:   41:    senial sig = {};
        1:   41-block  0
    %%%%%:   41-block  1
        -:   42:
        1:   43:    EXPECT_FALSE(esSenial(sig,prof,freq));
        1:   43-block  0
        1:   43-block  1
    $$$$$:   43-block  2
    $$$$$:   43-block  3
    $$$$$:   43-block  4
    $$$$$:   43-block  5
    $$$$$:   43-block  6
        1:   43-block  7
    %%%%%:   43-block  8
    %%%%%:   43-block  9
    %%%%%:   43-block 10
    %%%%%:   43-block 11
    %%%%%:   43-block 12
    %%%%%:   43-block 13
    %%%%%:   43-block 14
    %%%%%:   43-block 15
    %%%%%:   43-block 16
        1:   44:}
    %%%%%:   44-block  0
        -:   45:
        8:   46:TEST(esSenial, senialPositiva) {
        1:   46-block  0
        1:   46-block  1
        1:   46-block  2
    %%%%%:   46-block  3
    %%%%%:   46-block  4
    %%%%%:   46-block  5
    %%%%%:   46-block  6
    %%%%%:   46-block  7
    %%%%%:   46-block  8
        1:   46-block  9
        1:   46-block 10
        1:   46-block 11
        1:   46-block 12
        1:   46-block 13
        1:   46-block 14
        1:   46-block 15
        1:   47:    int prof = 8;
        1:   48:    int freq = 10;
        -:   49:
        -:   50:    senial sig = { 9,   43,   54,  103,   44,   59,  10,  44,  55, 104,  45,
        -:   51:                   60,    9,   43,   54,  103,   44,   59,  10,  44,  55, 104,
        2:   52:                   45,  60,    9};
        1:   52-block  0
        1:   52-block  1
    %%%%%:   52-block  2
    %%%%%:   52-block  3
    %%%%%:   52-block  4
        -:   53:
        1:   54:    EXPECT_TRUE(esSenial(sig,prof,freq));
        1:   54-block  0
        1:   54-block  1
    $$$$$:   54-block  2
    $$$$$:   54-block  3
    $$$$$:   54-block  4
    $$$$$:   54-block  5
    $$$$$:   54-block  6
        1:   54-block  7
    %%%%%:   54-block  8
    %%%%%:   54-block  9
    %%%%%:   54-block 10
    %%%%%:   54-block 11
    %%%%%:   54-block 12
    %%%%%:   54-block 13
    %%%%%:   54-block 14
    %%%%%:   54-block 15
    %%%%%:   54-block 16
        1:   55:}
    %%%%%:   55-block  0
        -:   56:
        8:   57:TEST(esSenial, senialTodaNegativa) {
        1:   57-block  0
        1:   57-block  1
        1:   57-block  2
    %%%%%:   57-block  3
    %%%%%:   57-block  4
    %%%%%:   57-block  5
    %%%%%:   57-block  6
    %%%%%:   57-block  7
    %%%%%:   57-block  8
        1:   57-block  9
        1:   57-block 10
        1:   57-block 11
        1:   57-block 12
        1:   57-block 13
        1:   57-block 14
        1:   57-block 15
        1:   58:    int prof = 8;
        1:   59:    int freq = 10;
        -:   60:
        -:   61:    senial sig = { -9,   -43,   -54,  -103,   -44,   -59,  -10,  -44,  -55, -104,  -45,
        -:   62:                   -60,    -9,   -43,   -54,  -103,   -44,   -59,  -10,  -44,  -55, -104,
        2:   63:                   -45,  -60,    -9};
        1:   63-block  0
        1:   63-block  1
    %%%%%:   63-block  2
    %%%%%:   63-block  3
    %%%%%:   63-block  4
        -:   64:
        1:   65:    EXPECT_TRUE(esSenial(sig,prof,freq));
        1:   65-block  0
        1:   65-block  1
    $$$$$:   65-block  2
    $$$$$:   65-block  3
    $$$$$:   65-block  4
    $$$$$:   65-block  5
    $$$$$:   65-block  6
        1:   65-block  7
    %%%%%:   65-block  8
    %%%%%:   65-block  9
    %%%%%:   65-block 10
    %%%%%:   65-block 11
    %%%%%:   65-block 12
    %%%%%:   65-block 13
    %%%%%:   65-block 14
    %%%%%:   65-block 15
    %%%%%:   65-block 16
        1:   66:}
    %%%%%:   66-block  0
        -:   67:
        8:   68:TEST(esSenial, senialChica) {
        1:   68-block  0
        1:   68-block  1
        1:   68-block  2
    %%%%%:   68-block  3
    %%%%%:   68-block  4
    %%%%%:   68-block  5
    %%%%%:   68-block  6
    %%%%%:   68-block  7
        1:   68-block  8
        1:   68-block  9
        1:   68-block 10
        1:   68-block 11
        1:   68-block 12
        1:   68-block 13
        1:   68-block 14
        1:   69:    int prof = 8;
        1:   70:    int freq = 10;
        -:   71:
        2:   72:    senial sig = { 9, 43, 54, 103, 44, 59, -10, -60, -45};
        1:   72-block  0
        1:   72-block  1
    %%%%%:   72-block  2
    %%%%%:   72-block  3
    %%%%%:   72-block  4
        -:   73:
        1:   74:    EXPECT_FALSE(esSenial(sig,prof,freq));
        1:   74-block  0
        1:   74-block  1
    $$$$$:   74-block  2
    $$$$$:   74-block  3
    $$$$$:   74-block  4
    $$$$$:   74-block  5
    $$$$$:   74-block  6
        1:   74-block  7
    %%%%%:   74-block  8
    %%%%%:   74-block  9
    %%%%%:   74-block 10
    %%%%%:   74-block 11
    %%%%%:   74-block 12
    %%%%%:   74-block 13
    %%%%%:   74-block 14
    %%%%%:   74-block 15
    %%%%%:   74-block 16
        5:   75:}
        1:   75-block  0
        1:   75-block  1
        1:   75-block  2
        1:   75-block  3
        1:   75-block  4
        1:   75-block  5
    %%%%%:   75-block  6
