        -:    0:Source:/home/eph3m3r4l/Desktop/TPI-algoritmos/tpi-template-alumnos/tests/ej9TEST.cpp
        -:    0:Graph:/home/eph3m3r4l/Desktop/TPI-algoritmos/tpi-template-alumnos/cmake-build-debug/CMakeFiles/reunionesRemotas.dir/tests/ej9TEST.gcno
        -:    0:Data:/home/eph3m3r4l/Desktop/TPI-algoritmos/tpi-template-alumnos/cmake-build-debug/CMakeFiles/reunionesRemotas.dir/tests/ej9TEST.gcda
        -:    0:Runs:1
        -:    0:Programs:1
        -:    1:#include "gtest/gtest.h"
        -:    2:#include "../ejercicios.h"
        -:    3:
        8:    4:TEST(hablantesSuperpuestos, tresSuperpuestos) {
        1:    4-block  0
        1:    4-block  1
        1:    4-block  2
    %%%%%:    4-block  3
    %%%%%:    4-block  4
    %%%%%:    4-block  5
    %%%%%:    4-block  6
    %%%%%:    4-block  7
    %%%%%:    4-block  8
        1:    4-block  9
        1:    4-block 10
        1:    4-block 11
        1:    4-block 12
        1:    4-block 13
        1:    4-block 14
        1:    4-block 15
        1:    5:    int prof = 16;
        1:    6:    int freq = 10;
        1:    7:    int umbral = 12;
        -:    8:
        2:    9:    senial s_a = {10, 51, 82, 97, 39, 2, 1, 0, 21, 15, 7};
        1:    9-block  0
        1:    9-block  1
    %%%%%:    9-block  2
    %%%%%:    9-block  3
    %%%%%:    9-block  4
        2:   10:    senial s_b = {2, 3, 2, -100, -32, -55, -4, -6, -100, -75, 20 };
        1:   10-block  0
    %%%%%:   10-block  1
    %%%%%:   10-block  2
    %%%%%:   10-block  3
        2:   11:    senial s_c = {-61, -9, -7, -65, -77, -8, -30, -3, 27, 36, 5};
        1:   11-block  0
    %%%%%:   11-block  1
    %%%%%:   11-block  2
    %%%%%:   11-block  3
        2:   12:    pair <senial, hablante> h_a (s_a, 0);
    %%%%%:   12-block  0
    %%%%%:   12-block  1
    %%%%%:   12-block  2
        2:   13:    pair <senial, hablante> h_b (s_b, 1);
        1:   13-block  0
    %%%%%:   13-block  1
    %%%%%:   13-block  2
    %%%%%:   13-block  3
        2:   14:    pair <senial, hablante> h_c (s_c, 2);
        1:   14-block  0
    %%%%%:   14-block  1
    %%%%%:   14-block  2
    %%%%%:   14-block  3
        -:   15:
        5:   16:    reunion r = {h_a, h_b, h_c};
        1:   16-block  0
        1:   16-block  1
        1:   16-block  2
        1:   16-block  3
        1:   16-block  4
        4:   16-block  5
        3:   16-block  6
    %%%%%:   16-block  7
    %%%%%:   16-block  8
    %%%%%:   16-block  9
    %%%%%:   16-block 10
    %%%%%:   16-block 11
    %%%%%:   16-block 12
    %%%%%:   16-block 13
    %%%%%:   16-block 14
        -:   17:
        1:   18:    EXPECT_TRUE(hablantesSuperpuestos(r, prof, freq, umbral));
        1:   18-block  0
        1:   18-block  1
        1:   18-block  2
    $$$$$:   18-block  3
    $$$$$:   18-block  4
    $$$$$:   18-block  5
    $$$$$:   18-block  6
    $$$$$:   18-block  7
        1:   18-block  8
    %%%%%:   18-block  9
    %%%%%:   18-block 10
    %%%%%:   18-block 11
    %%%%%:   18-block 12
    %%%%%:   18-block 13
    %%%%%:   18-block 14
    %%%%%:   18-block 15
    %%%%%:   18-block 16
    %%%%%:   18-block 17
        1:   19:}
    %%%%%:   19-block  0
        -:   20:
        8:   21:TEST(hablantesSuperpuestos, sinHablantesSuperpuestos) {
        1:   21-block  0
        1:   21-block  1
        1:   21-block  2
    %%%%%:   21-block  3
    %%%%%:   21-block  4
    %%%%%:   21-block  5
    %%%%%:   21-block  6
    %%%%%:   21-block  7
        1:   21-block  8
        1:   21-block  9
        1:   21-block 10
        1:   21-block 11
        1:   21-block 12
        1:   21-block 13
        1:   21-block 14
        1:   22:    int prof = 16;
        1:   23:    int freq = 10;
        1:   24:    int umbral = 12;
        -:   25:
        2:   26:    senial s_a = {10, 11, 2, 7, 9, 2, 1, 0, 21, 15, 17};
        1:   26-block  0
        1:   26-block  1
    %%%%%:   26-block  2
    %%%%%:   26-block  3
    %%%%%:   26-block  4
        2:   27:    senial s_b = {2, 3, 1, -10, -3, -5, -4, -6, -10, -7, 0 };
        1:   27-block  0
    %%%%%:   27-block  1
    %%%%%:   27-block  2
    %%%%%:   27-block  3
        2:   28:    senial s_c = {-13, -9, -7, -5, -77, -18, -3, -3, 7, 6, 5};
        1:   28-block  0
    %%%%%:   28-block  1
    %%%%%:   28-block  2
    %%%%%:   28-block  3
        2:   29:    pair <senial, hablante> h_a (s_a, 0);
    %%%%%:   29-block  0
    %%%%%:   29-block  1
    %%%%%:   29-block  2
        2:   30:    pair <senial, hablante> h_b (s_b, 1);
        1:   30-block  0
    %%%%%:   30-block  1
    %%%%%:   30-block  2
    %%%%%:   30-block  3
        2:   31:    pair <senial, hablante> h_c (s_c, 2);
        1:   31-block  0
    %%%%%:   31-block  1
    %%%%%:   31-block  2
    %%%%%:   31-block  3
        -:   32:
        5:   33:    reunion r = {h_a, h_b, h_c};
        1:   33-block  0
        1:   33-block  1
        1:   33-block  2
        1:   33-block  3
        1:   33-block  4
        4:   33-block  5
        3:   33-block  6
    %%%%%:   33-block  7
    %%%%%:   33-block  8
    %%%%%:   33-block  9
    %%%%%:   33-block 10
    %%%%%:   33-block 11
    %%%%%:   33-block 12
    %%%%%:   33-block 13
    %%%%%:   33-block 14
        -:   34:
        1:   35:    EXPECT_FALSE(hablantesSuperpuestos(r, prof, freq, umbral));
        1:   35-block  0
        1:   35-block  1
        1:   35-block  2
    $$$$$:   35-block  3
    $$$$$:   35-block  4
    $$$$$:   35-block  5
    $$$$$:   35-block  6
    $$$$$:   35-block  7
        1:   35-block  8
    %%%%%:   35-block  9
    %%%%%:   35-block 10
    %%%%%:   35-block 11
    %%%%%:   35-block 12
    %%%%%:   35-block 13
    %%%%%:   35-block 14
    %%%%%:   35-block 15
    %%%%%:   35-block 16
    %%%%%:   35-block 17
        5:   36:}
        1:   36-block  0
        1:   36-block  1
        1:   36-block  2
        1:   36-block  3
        1:   36-block  4
        1:   36-block  5
    %%%%%:   36-block  6
