        -:    0:Source:/home/eph3m3r4l/Desktop/TPI-algoritmos/tpi-template-alumnos/tests/ej3TEST.cpp
        -:    0:Graph:/home/eph3m3r4l/Desktop/TPI-algoritmos/tpi-template-alumnos/cmake-build-debug/CMakeFiles/reunionesRemotas.dir/tests/ej3TEST.gcno
        -:    0:Data:/home/eph3m3r4l/Desktop/TPI-algoritmos/tpi-template-alumnos/cmake-build-debug/CMakeFiles/reunionesRemotas.dir/tests/ej3TEST.gcda
        -:    0:Runs:1
        -:    0:Programs:1
        -:    1:#include "gtest/gtest.h"
        -:    2:#include "../ejercicios.h"
        -:    3:
        8:    4:TEST(esReunionValida, reunionNoCuadrada) {
        1:    4-block  0
        1:    4-block  1
        1:    4-block  2
    %%%%%:    4-block  3
    %%%%%:    4-block  4
    %%%%%:    4-block  5
    %%%%%:    4-block  6
    %%%%%:    4-block  7
    %%%%%:    4-block  8
        1:    4-block  9
        1:    4-block 10
        1:    4-block 11
        1:    4-block 12
        1:    4-block 13
        1:    4-block 14
        1:    4-block 15
        1:    5:    int prof = 8;
        1:    6:    int freq = 10;
        -:    7:
        2:    8:    senial Sig1 = { 17, -128, 128 , 18,  15, -16, 0, 17, -20,  19, -18};
        1:    8-block  0
        1:    8-block  1
    %%%%%:    8-block  2
    %%%%%:    8-block  3
    %%%%%:    8-block  4
        2:    9:    senial Sig2 = { 17, -128, 127 , 18,  15, -16, 0, 17, -20,  19, -18};
        1:    9-block  0
    %%%%%:    9-block  1
    %%%%%:    9-block  2
    %%%%%:    9-block  3
        2:   10:    senial Sig3 = { 17, -128, 127 , 18,  15, -16, 0, 17, -20,  19};
        1:   10-block  0
    %%%%%:   10-block  1
    %%%%%:   10-block  2
    %%%%%:   10-block  3
        -:   11:
        5:   12:	reunion reunion1= {make_pair(Sig1,0), make_pair(Sig2, 1), make_pair(Sig3, 2)};
        1:   12-block  0
        1:   12-block  1
        1:   12-block  2
        1:   12-block  3
        4:   12-block  4
        3:   12-block  5
    %%%%%:   12-block  6
    %%%%%:   12-block  7
    %%%%%:   12-block  8
    %%%%%:   12-block  9
    %%%%%:   12-block 10
    %%%%%:   12-block 11
    %%%%%:   12-block 12
    %%%%%:   12-block 13
    %%%%%:   12-block 14
    %%%%%:   12-block 15
    %%%%%:   12-block 16
    %%%%%:   12-block 17
    %%%%%:   12-block 18
    %%%%%:   12-block 19
        -:   13:
        1:   14:    EXPECT_FALSE(esReunionValida(reunion1,prof,freq));
        1:   14-block  0
        1:   14-block  1
        1:   14-block  2
    $$$$$:   14-block  3
    $$$$$:   14-block  4
    $$$$$:   14-block  5
    $$$$$:   14-block  6
    $$$$$:   14-block  7
        1:   14-block  8
    %%%%%:   14-block  9
    %%%%%:   14-block 10
    %%%%%:   14-block 11
    %%%%%:   14-block 12
    %%%%%:   14-block 13
    %%%%%:   14-block 14
    %%%%%:   14-block 15
    %%%%%:   14-block 16
    %%%%%:   14-block 17
        1:   15:}
    %%%%%:   15-block  0
        -:   16:
        8:   17:TEST(esReunionValida, matrizPeroNoReunionValida) {
        1:   17-block  0
        1:   17-block  1
        1:   17-block  2
    %%%%%:   17-block  3
    %%%%%:   17-block  4
    %%%%%:   17-block  5
    %%%%%:   17-block  6
    %%%%%:   17-block  7
    %%%%%:   17-block  8
        1:   17-block  9
        1:   17-block 10
        1:   17-block 11
        1:   17-block 12
        1:   17-block 13
        1:   17-block 14
        1:   17-block 15
        1:   18:    int prof = 8;
        1:   19:    int freq = 10;
        -:   20:
        -:   21:    // Se va de rango en sig1 3ra muestra: 128.
        2:   22:    senial Sig1 = { 17, -128, 128 , 18,  15, -16, 0, 17, -20,  19, -18};
        1:   22-block  0
        1:   22-block  1
    %%%%%:   22-block  2
    %%%%%:   22-block  3
    %%%%%:   22-block  4
        2:   23:    senial Sig2 = { 17, -128, 127 , 18,  15, -16, 0, 17, -20,  19, -18};
        1:   23-block  0
    %%%%%:   23-block  1
    %%%%%:   23-block  2
    %%%%%:   23-block  3
        2:   24:    senial Sig3 = { 17, -128, 127 , 18,  15, -16, 0, 17, -20,  19, -18};
        1:   24-block  0
    %%%%%:   24-block  1
    %%%%%:   24-block  2
    %%%%%:   24-block  3
        -:   25:
        5:   26:    reunion reunion2= {make_pair(Sig1,0), make_pair(Sig2, 1), make_pair(Sig3, 2)};
        1:   26-block  0
        1:   26-block  1
        1:   26-block  2
        1:   26-block  3
        4:   26-block  4
        3:   26-block  5
    %%%%%:   26-block  6
    %%%%%:   26-block  7
    %%%%%:   26-block  8
    %%%%%:   26-block  9
    %%%%%:   26-block 10
    %%%%%:   26-block 11
    %%%%%:   26-block 12
    %%%%%:   26-block 13
    %%%%%:   26-block 14
    %%%%%:   26-block 15
    %%%%%:   26-block 16
    %%%%%:   26-block 17
    %%%%%:   26-block 18
    %%%%%:   26-block 19
        -:   27:
        1:   28:    EXPECT_FALSE(esReunionValida(reunion2,prof,freq));
        1:   28-block  0
        1:   28-block  1
        1:   28-block  2
    $$$$$:   28-block  3
    $$$$$:   28-block  4
    $$$$$:   28-block  5
    $$$$$:   28-block  6
    $$$$$:   28-block  7
        1:   28-block  8
    %%%%%:   28-block  9
    %%%%%:   28-block 10
    %%%%%:   28-block 11
    %%%%%:   28-block 12
    %%%%%:   28-block 13
    %%%%%:   28-block 14
    %%%%%:   28-block 15
    %%%%%:   28-block 16
    %%%%%:   28-block 17
        1:   29:}
    %%%%%:   29-block  0
        -:   30:
        8:   31:TEST(esReunionValida, esReunionVali) {
        1:   31-block  0
        1:   31-block  1
        1:   31-block  2
    %%%%%:   31-block  3
    %%%%%:   31-block  4
    %%%%%:   31-block  5
    %%%%%:   31-block  6
    %%%%%:   31-block  7
    %%%%%:   31-block  8
        1:   31-block  9
        1:   31-block 10
        1:   31-block 11
        1:   31-block 12
        1:   31-block 13
        1:   31-block 14
        1:   31-block 15
        1:   32:    int prof = 8;
        1:   33:    int freq = 10;
        -:   34:
        2:   35:    senial Sig1 = { 17, -128, 127 , 18,  15, -16, 0, 17, -20,  19, -18};
        1:   35-block  0
        1:   35-block  1
    %%%%%:   35-block  2
    %%%%%:   35-block  3
    %%%%%:   35-block  4
        2:   36:    senial Sig2 = { 17, -128, 127 , 18,  15, -16, 0, 17, -20,  20, -18};
        1:   36-block  0
    %%%%%:   36-block  1
    %%%%%:   36-block  2
    %%%%%:   36-block  3
        2:   37:    senial Sig3 = { 17, -128, 127 , 18,  15, -16, 0, 17, -21,  21, -18};
        1:   37-block  0
    %%%%%:   37-block  1
    %%%%%:   37-block  2
    %%%%%:   37-block  3
        -:   38:
        5:   39:    reunion reunion3= {make_pair(Sig1,0), make_pair(Sig2, 1), make_pair(Sig3, 2)};
        1:   39-block  0
        1:   39-block  1
        1:   39-block  2
        1:   39-block  3
        4:   39-block  4
        3:   39-block  5
    %%%%%:   39-block  6
    %%%%%:   39-block  7
    %%%%%:   39-block  8
    %%%%%:   39-block  9
    %%%%%:   39-block 10
    %%%%%:   39-block 11
    %%%%%:   39-block 12
    %%%%%:   39-block 13
    %%%%%:   39-block 14
    %%%%%:   39-block 15
    %%%%%:   39-block 16
    %%%%%:   39-block 17
    %%%%%:   39-block 18
    %%%%%:   39-block 19
        -:   40:
        1:   41:    EXPECT_TRUE(esReunionValida(reunion3,prof,freq));
        1:   41-block  0
        1:   41-block  1
        1:   41-block  2
    $$$$$:   41-block  3
    $$$$$:   41-block  4
    $$$$$:   41-block  5
    $$$$$:   41-block  6
    $$$$$:   41-block  7
        1:   41-block  8
    %%%%%:   41-block  9
    %%%%%:   41-block 10
    %%%%%:   41-block 11
    %%%%%:   41-block 12
    %%%%%:   41-block 13
    %%%%%:   41-block 14
    %%%%%:   41-block 15
    %%%%%:   41-block 16
    %%%%%:   41-block 17
        1:   42:}
    %%%%%:   42-block  0
        -:   43:
        8:   44:TEST(esReunionValida, reunionValida) {
        1:   44-block  0
        1:   44-block  1
        1:   44-block  2
    %%%%%:   44-block  3
    %%%%%:   44-block  4
    %%%%%:   44-block  5
    %%%%%:   44-block  6
    %%%%%:   44-block  7
        1:   44-block  8
        1:   44-block  9
        1:   44-block 10
        1:   44-block 11
        1:   44-block 12
        1:   44-block 13
        1:   44-block 14
        1:   45:    int prof = 8;
        1:   46:    int freq = 10;
        -:   47:
        2:   48:    senial hablante1 = {1, 3, -3, 4, 6, 0, -2, -8, 9, -15, 7};
        1:   48-block  0
        1:   48-block  1
    %%%%%:   48-block  2
    %%%%%:   48-block  3
    %%%%%:   48-block  4
        2:   49:    senial hablante2 = {1, 3, -3, 4, 6, 0, -2, -8, 9, -15, 7};
        1:   49-block  0
    %%%%%:   49-block  1
    %%%%%:   49-block  2
    %%%%%:   49-block  3
        -:   50:
        4:   51:    reunion reunion = {make_pair(hablante1, 0), make_pair(hablante2, 1)};
        1:   51-block  0
        1:   51-block  1
        1:   51-block  2
        3:   51-block  3
        2:   51-block  4
    %%%%%:   51-block  5
    %%%%%:   51-block  6
    %%%%%:   51-block  7
    %%%%%:   51-block  8
    %%%%%:   51-block  9
    %%%%%:   51-block 10
    %%%%%:   51-block 11
    %%%%%:   51-block 12
    %%%%%:   51-block 13
    %%%%%:   51-block 14
    %%%%%:   51-block 15
    %%%%%:   51-block 16
        -:   52:
        1:   53:    EXPECT_TRUE(esReunionValida(reunion,prof,freq));
        1:   53-block  0
        1:   53-block  1
        1:   53-block  2
    $$$$$:   53-block  3
    $$$$$:   53-block  4
    $$$$$:   53-block  5
    $$$$$:   53-block  6
    $$$$$:   53-block  7
        1:   53-block  8
    %%%%%:   53-block  9
    %%%%%:   53-block 10
    %%%%%:   53-block 11
    %%%%%:   53-block 12
    %%%%%:   53-block 13
    %%%%%:   53-block 14
    %%%%%:   53-block 15
    %%%%%:   53-block 16
    %%%%%:   53-block 17
        5:   54:}
        1:   54-block  0
        1:   54-block  1
        1:   54-block  2
        1:   54-block  3
        1:   54-block  4
        1:   54-block  5
    %%%%%:   54-block  6
