        -:    0:Source:/home/eph3m3r4l/Desktop/TPI-algoritmos/tpi-template-alumnos/tests/ej6TEST.cpp
        -:    0:Graph:/home/eph3m3r4l/Desktop/TPI-algoritmos/tpi-template-alumnos/cmake-build-debug/CMakeFiles/reunionesRemotas.dir/tests/ej6TEST.gcno
        -:    0:Data:/home/eph3m3r4l/Desktop/TPI-algoritmos/tpi-template-alumnos/cmake-build-debug/CMakeFiles/reunionesRemotas.dir/tests/ej6TEST.gcda
        -:    0:Runs:1
        -:    0:Programs:1
        -:    1:#include "gtest/gtest.h"
        -:    2:#include "../ejercicios.h"
        -:    3:
        8:    4:TEST(tonosDeVozElevados, hayUnElevado){
        1:    4-block  0
        1:    4-block  1
        1:    4-block  2
    %%%%%:    4-block  3
    %%%%%:    4-block  4
    %%%%%:    4-block  5
    %%%%%:    4-block  6
    %%%%%:    4-block  7
    %%%%%:    4-block  8
        1:    4-block  9
        1:    4-block 10
        1:    4-block 11
        1:    4-block 12
        1:    4-block 13
        1:    4-block 14
        1:    4-block 15
        1:    5:    int prof = 8;
        1:    6:    int freq = 10;
        1:    7:    hablante a = 0;
        1:    8:    hablante b = 1;
        -:    9:
        -:   10:    senial fstSig = { -9,   43,   -54,  103,   -44,   59,  -10,  44,  -55,   104,
        2:   11:                      -45,  60,   -9,   43,   -54,  103,   -44,   59,  -10,  44};
        1:   11-block  0
        1:   11-block  1
    %%%%%:   11-block  2
    %%%%%:   11-block  3
    %%%%%:   11-block  4
        -:   12:
        -:   13:    senial rdSig = { 17, -128, 127 , -18,  15, -16,  17, -20,  19, -18,
        -:   14:                     1, -1,  2,  1, -2,  3,  0, -1,  3,  0,  0,  1,  1,
        2:   15:                     -1,  2,  1, -2, 3,  0, -1,  3,  0,  0,  1,  1};
        1:   15-block  0
    %%%%%:   15-block  1
    %%%%%:   15-block  2
    %%%%%:   15-block  3
        -:   16:
        4:   17:    reunion meet6 = {make_pair(rdSig, a), make_pair(fstSig, b)};
        1:   17-block  0
        1:   17-block  1
        1:   17-block  2
        3:   17-block  3
        2:   17-block  4
    %%%%%:   17-block  5
    %%%%%:   17-block  6
    %%%%%:   17-block  7
    %%%%%:   17-block  8
    %%%%%:   17-block  9
    %%%%%:   17-block 10
    %%%%%:   17-block 11
    %%%%%:   17-block 12
        -:   18:
        2:   19:    vector<hablante> expectedMeet = {b};
        1:   19-block  0
        1:   19-block  1
    %%%%%:   19-block  2
    %%%%%:   19-block  3
    %%%%%:   19-block  4
    %%%%%:   19-block  5
    %%%%%:   19-block  6
        -:   20:
        1:   21:    EXPECT_EQ(tonosDeVozElevados(meet6, prof, freq), expectedMeet);
        1:   21-block  0
        1:   21-block  1
    $$$$$:   21-block  2
    $$$$$:   21-block  3
    $$$$$:   21-block  4
    $$$$$:   21-block  5
    $$$$$:   21-block  6
        1:   21-block  7
    %%%%%:   21-block  8
    %%%%%:   21-block  9
    %%%%%:   21-block 10
    %%%%%:   21-block 11
    %%%%%:   21-block 12
    %%%%%:   21-block 13
    %%%%%:   21-block 14
        1:   22:}
    %%%%%:   22-block  0
        -:   23:
        8:   24:TEST(tonosDeVozElevados, hayDosElevados){
        1:   24-block  0
        1:   24-block  1
        1:   24-block  2
    %%%%%:   24-block  3
    %%%%%:   24-block  4
    %%%%%:   24-block  5
    %%%%%:   24-block  6
    %%%%%:   24-block  7
    %%%%%:   24-block  8
        1:   24-block  9
        1:   24-block 10
        1:   24-block 11
        1:   24-block 12
        1:   24-block 13
        1:   24-block 14
        1:   24-block 15
        1:   25:    int prof = 8;
        1:   26:    int freq = 10;
        1:   27:    hablante a = 0;
        1:   28:    hablante b = 1;
        1:   29:    hablante c = 2;
        -:   30:
        -:   31:    senial fstSig = { -9,   -54,   43,  103,   -44,   59,  -10,  44,  -55,   104,
        2:   32:                      -45,  60,   -9,   43,   -54,  103,   -44,   59,  -10,  44};
        1:   32-block  0
        1:   32-block  1
    %%%%%:   32-block  2
    %%%%%:   32-block  3
    %%%%%:   32-block  4
        -:   33:
        -:   34:    senial rdSig = { 17, -128, 127 , -18,  15, -16,  17, -20,  19, -18,
        -:   35:                     1, -1,  2,  1, -2,  3,  0, -1,  3,  0,  0,  1,  1,
        2:   36:                     -1,  2,  1, -2, 3,  0, -1,  3,  0,  0,  1,  1};
        1:   36-block  0
    %%%%%:   36-block  1
    %%%%%:   36-block  2
    %%%%%:   36-block  3
        -:   37:
        -:   38:    senial secSig = { -9,   43,   -54,  103,   -44,   59,  -10,  44,  -55,   104,
        2:   39:                      -45,  60,   -9,   43,   -54,  103,   -44,   59,  -10,  44};
        1:   39-block  0
    %%%%%:   39-block  1
    %%%%%:   39-block  2
    %%%%%:   39-block  3
        -:   40:
        5:   41:    reunion meet6 = {make_pair(rdSig, a), make_pair(fstSig, b), make_pair(secSig, c)};
        1:   41-block  0
        1:   41-block  1
        1:   41-block  2
        1:   41-block  3
        4:   41-block  4
        3:   41-block  5
    %%%%%:   41-block  6
    %%%%%:   41-block  7
    %%%%%:   41-block  8
    %%%%%:   41-block  9
    %%%%%:   41-block 10
    %%%%%:   41-block 11
    %%%%%:   41-block 12
    %%%%%:   41-block 13
        -:   42:
        2:   43:    vector<hablante> expectedMeet = {b, c};
        1:   43-block  0
        1:   43-block  1
    %%%%%:   43-block  2
    %%%%%:   43-block  3
    %%%%%:   43-block  4
    %%%%%:   43-block  5
    %%%%%:   43-block  6
        -:   44:
        1:   45:    EXPECT_EQ(tonosDeVozElevados(meet6, prof, freq), expectedMeet);
        1:   45-block  0
        1:   45-block  1
    $$$$$:   45-block  2
    $$$$$:   45-block  3
    $$$$$:   45-block  4
    $$$$$:   45-block  5
    $$$$$:   45-block  6
        1:   45-block  7
    %%%%%:   45-block  8
    %%%%%:   45-block  9
    %%%%%:   45-block 10
    %%%%%:   45-block 11
    %%%%%:   45-block 12
    %%%%%:   45-block 13
    %%%%%:   45-block 14
        1:   46:}
    %%%%%:   46-block  0
        -:   47:
        8:   48:TEST(tonosDeVozElevados, mismoTono){
        1:   48-block  0
        1:   48-block  1
        1:   48-block  2
    %%%%%:   48-block  3
    %%%%%:   48-block  4
    %%%%%:   48-block  5
    %%%%%:   48-block  6
    %%%%%:   48-block  7
        1:   48-block  8
        1:   48-block  9
        1:   48-block 10
        1:   48-block 11
        1:   48-block 12
        1:   48-block 13
        1:   48-block 14
        1:   49:    int prof = 8;
        1:   50:    int freq = 10;
        1:   51:    hablante a = 0;
        1:   52:    hablante b = 1;
        -:   53:
        -:   54:    senial fstSig = { -9,   43,   -54,  103,   -44,   59,  -10,  44,  -55,   104,
        2:   55:                      -45,  60,   -9,   43,   -54,  103,   -44,   59,  -10,  44};
        1:   55-block  0
        1:   55-block  1
    %%%%%:   55-block  2
    %%%%%:   55-block  3
    %%%%%:   55-block  4
        -:   56:
        -:   57:    senial rdSig = { -9,   -54,   43,  103,   -44,   59,  -10,  44,  -55,   104,
        2:   58:                      -45,  60,   -9,   43,   -54,  103,   -44,   59,  -10,  44};
        1:   58-block  0
    %%%%%:   58-block  1
    %%%%%:   58-block  2
    %%%%%:   58-block  3
        -:   59:
        4:   60:    reunion meet6 = {make_pair(rdSig, a), make_pair(fstSig, b)};
        1:   60-block  0
        1:   60-block  1
        1:   60-block  2
        3:   60-block  3
        2:   60-block  4
    %%%%%:   60-block  5
    %%%%%:   60-block  6
    %%%%%:   60-block  7
    %%%%%:   60-block  8
    %%%%%:   60-block  9
    %%%%%:   60-block 10
    %%%%%:   60-block 11
    %%%%%:   60-block 12
        -:   61:
        2:   62:    vector<hablante> expectedMeet = {a, b};
        1:   62-block  0
        1:   62-block  1
    %%%%%:   62-block  2
    %%%%%:   62-block  3
    %%%%%:   62-block  4
    %%%%%:   62-block  5
    %%%%%:   62-block  6
        -:   63:
        1:   64:    EXPECT_EQ(tonosDeVozElevados(meet6, prof, freq), expectedMeet);
        1:   64-block  0
        1:   64-block  1
    $$$$$:   64-block  2
    $$$$$:   64-block  3
    $$$$$:   64-block  4
    $$$$$:   64-block  5
    $$$$$:   64-block  6
        1:   64-block  7
    %%%%%:   64-block  8
    %%%%%:   64-block  9
    %%%%%:   64-block 10
    %%%%%:   64-block 11
    %%%%%:   64-block 12
    %%%%%:   64-block 13
    %%%%%:   64-block 14
        5:   65:}
        1:   65-block  0
        1:   65-block  1
        1:   65-block  2
        1:   65-block  3
        1:   65-block  4
        1:   65-block  5
    %%%%%:   65-block  6
