        -:    0:Source:/home/eph3m3r4l/Desktop/TPI-algoritmos/tpi-template-alumnos/tests/ej7TEST.cpp
        -:    0:Graph:/home/eph3m3r4l/Desktop/TPI-algoritmos/tpi-template-alumnos/cmake-build-debug/CMakeFiles/reunionesRemotas.dir/tests/ej7TEST.gcno
        -:    0:Data:/home/eph3m3r4l/Desktop/TPI-algoritmos/tpi-template-alumnos/cmake-build-debug/CMakeFiles/reunionesRemotas.dir/tests/ej7TEST.gcda
        -:    0:Runs:1
        -:    0:Programs:1
        -:    1:#include "gtest/gtest.h"
        -:    2:#include "../ejercicios.h"
        -:    3:
        8:    4:TEST(ordenar, reunionOrdenadaAscendiente) {
        1:    4-block  0
        1:    4-block  1
        1:    4-block  2
    %%%%%:    4-block  3
    %%%%%:    4-block  4
    %%%%%:    4-block  5
    %%%%%:    4-block  6
    %%%%%:    4-block  7
    %%%%%:    4-block  8
        1:    4-block  9
        1:    4-block 10
        1:    4-block 11
        1:    4-block 12
        1:    4-block 13
        1:    4-block 14
        1:    4-block 15
        1:    5:    int prof = 32;
        1:    6:    int freq = 10;
        -:    7:
        2:    8:    senial s_a = {-413, -422, -521, -500, 487, 549, 498, -456, -502, 599};
        1:    8-block  0
        1:    8-block  1
    %%%%%:    8-block  2
    %%%%%:    8-block  3
    %%%%%:    8-block  4
        2:    9:    senial s_b = {-213, -222, -321, -300, 287, 349, 298, -256, -302, 399};
        1:    9-block  0
    %%%%%:    9-block  1
    %%%%%:    9-block  2
    %%%%%:    9-block  3
        2:   10:    senial s_c = {-13, -22, -121, -100, 87, 149, 98, -56, -102, 199};
        1:   10-block  0
    %%%%%:   10-block  1
    %%%%%:   10-block  2
    %%%%%:   10-block  3
        5:   11:    reunion r = {std::make_pair(s_c, 2), std::make_pair(s_b, 1), std::make_pair(s_a, 0)};
        1:   11-block  0
        1:   11-block  1
        1:   11-block  2
        1:   11-block  3
        4:   11-block  4
        3:   11-block  5
    %%%%%:   11-block  6
    %%%%%:   11-block  7
    %%%%%:   11-block  8
    %%%%%:   11-block  9
    %%%%%:   11-block 10
    %%%%%:   11-block 11
    %%%%%:   11-block 12
    %%%%%:   11-block 13
    %%%%%:   11-block 14
    %%%%%:   11-block 15
    %%%%%:   11-block 16
    %%%%%:   11-block 17
    %%%%%:   11-block 18
    %%%%%:   11-block 19
        -:   12:
        1:   13:    ordenar(r, prof, freq);
        1:   13-block  0
        5:   14:    reunion esperada = {std::make_pair(s_a, 0), std::make_pair(s_b, 1), std::make_pair(s_c, 2)};
        1:   14-block  0
        1:   14-block  1
        1:   14-block  2
        1:   14-block  3
        1:   14-block  4
        4:   14-block  5
        3:   14-block  6
    %%%%%:   14-block  7
    %%%%%:   14-block  8
    %%%%%:   14-block  9
    %%%%%:   14-block 10
    %%%%%:   14-block 11
    %%%%%:   14-block 12
    %%%%%:   14-block 13
    %%%%%:   14-block 14
    %%%%%:   14-block 15
    %%%%%:   14-block 16
    %%%%%:   14-block 17
    %%%%%:   14-block 18
    %%%%%:   14-block 19
        -:   15:
        1:   16:    EXPECT_EQ(r, esperada);
        1:   16-block  0
        1:   16-block  1
    $$$$$:   16-block  2
    $$$$$:   16-block  3
    $$$$$:   16-block  4
    $$$$$:   16-block  5
    $$$$$:   16-block  6
        1:   16-block  7
    %%%%%:   16-block  8
    %%%%%:   16-block  9
    %%%%%:   16-block 10
    %%%%%:   16-block 11
    %%%%%:   16-block 12
    %%%%%:   16-block 13
        1:   17:}
    %%%%%:   17-block  0
        -:   18:
        8:   19:TEST(ordenar, reunionDosTonosIguales) {
        1:   19-block  0
        1:   19-block  1
        1:   19-block  2
    %%%%%:   19-block  3
    %%%%%:   19-block  4
    %%%%%:   19-block  5
    %%%%%:   19-block  6
    %%%%%:   19-block  7
        1:   19-block  8
        1:   19-block  9
        1:   19-block 10
        1:   19-block 11
        1:   19-block 12
        1:   19-block 13
        1:   19-block 14
        1:   20:    int prof = 32;
        1:   21:    int freq = 10;
        -:   22:
        2:   23:    senial s_a = {-413, -422, -521, -500, 487, 549, 498, -456, -502, 599};
        1:   23-block  0
        1:   23-block  1
    %%%%%:   23-block  2
    %%%%%:   23-block  3
    %%%%%:   23-block  4
        2:   24:    senial s_b = {-413, -521, -422, 549, 487, -500, 498, -456, -502, 599};
        1:   24-block  0
    %%%%%:   24-block  1
    %%%%%:   24-block  2
    %%%%%:   24-block  3
        2:   25:    senial s_c = {-13, -22, -121, -100, 87, 149, 98, -56, -102, 199};
        1:   25-block  0
    %%%%%:   25-block  1
    %%%%%:   25-block  2
    %%%%%:   25-block  3
        5:   26:    reunion r = {std::make_pair(s_c, 2), std::make_pair(s_b, 1), std::make_pair(s_a, 0)};
        1:   26-block  0
        1:   26-block  1
        1:   26-block  2
        1:   26-block  3
        4:   26-block  4
        3:   26-block  5
    %%%%%:   26-block  6
    %%%%%:   26-block  7
    %%%%%:   26-block  8
    %%%%%:   26-block  9
    %%%%%:   26-block 10
    %%%%%:   26-block 11
    %%%%%:   26-block 12
    %%%%%:   26-block 13
    %%%%%:   26-block 14
    %%%%%:   26-block 15
    %%%%%:   26-block 16
    %%%%%:   26-block 17
    %%%%%:   26-block 18
    %%%%%:   26-block 19
        -:   27:
        1:   28:    ordenar(r, prof, freq);
        1:   28-block  0
        5:   29:    reunion esperada = {std::make_pair(s_b, 1), std::make_pair(s_a, 0), std::make_pair(s_c, 2)};
        1:   29-block  0
        1:   29-block  1
        1:   29-block  2
        1:   29-block  3
        1:   29-block  4
        4:   29-block  5
        3:   29-block  6
    %%%%%:   29-block  7
    %%%%%:   29-block  8
    %%%%%:   29-block  9
    %%%%%:   29-block 10
    %%%%%:   29-block 11
    %%%%%:   29-block 12
    %%%%%:   29-block 13
    %%%%%:   29-block 14
    %%%%%:   29-block 15
    %%%%%:   29-block 16
    %%%%%:   29-block 17
    %%%%%:   29-block 18
    %%%%%:   29-block 19
        -:   30:
        1:   31:    EXPECT_EQ(r, esperada);
        1:   31-block  0
        1:   31-block  1
    $$$$$:   31-block  2
    $$$$$:   31-block  3
    $$$$$:   31-block  4
    $$$$$:   31-block  5
    $$$$$:   31-block  6
        1:   31-block  7
    %%%%%:   31-block  8
    %%%%%:   31-block  9
    %%%%%:   31-block 10
    %%%%%:   31-block 11
    %%%%%:   31-block 12
    %%%%%:   31-block 13
        5:   32:}
        1:   32-block  0
        1:   32-block  1
        1:   32-block  2
        1:   32-block  3
        1:   32-block  4
        1:   32-block  5
    %%%%%:   32-block  6
